13:05:15.933 DEBUG [Test worker] i.g.d.cthugha.config.Config - Using config file cthugha.ini
13:05:15.935 WARN  [Test worker] i.g.d.cthugha.config.Config - Unable to read ini file cthugha.ini
13:05:16.095 INFO  [Test worker] i.g.duckasteroid.cthugha.JCthugha - notify: hello
13:05:16.120 INFO  [Test worker] i.g.duckasteroid.cthugha.JCthugha - notifications=false
13:05:16.120 INFO  [Test worker] i.g.duckasteroid.cthugha.JCthugha - notifications=true
13:05:16.120 INFO  [Test worker] i.g.duckasteroid.cthugha.JCthugha - notify: visible
13:05:16.125 INFO  [Test worker] i.g.duckasteroid.cthugha.JCthugha - notify: first
13:05:16.125 INFO  [Test worker] i.g.duckasteroid.cthugha.JCthugha - notify: second
13:12:04.502 DEBUG [Test worker] i.g.d.cthugha.config.Config - Using config file cthugha.ini
13:12:04.503 WARN  [Test worker] i.g.d.cthugha.config.Config - Unable to read ini file cthugha.ini
13:12:24.032 DEBUG [Test worker] i.g.d.cthugha.config.Config - Using config file cthugha.ini
13:12:24.034 WARN  [Test worker] i.g.d.cthugha.config.Config - Unable to read ini file cthugha.ini
13:14:17.016 DEBUG [Test worker] i.g.d.cthugha.config.Config - Using config file cthugha.ini
13:14:17.018 WARN  [Test worker] i.g.d.cthugha.config.Config - Unable to read ini file cthugha.ini
13:14:18.361 INFO  [Test worker] i.g.duckasteroid.cthugha.JCthugha - notify: hello
13:14:18.376 INFO  [Test worker] i.g.duckasteroid.cthugha.JCthugha - notifications=false
13:14:18.376 INFO  [Test worker] i.g.duckasteroid.cthugha.JCthugha - notifications=true
13:14:18.376 INFO  [Test worker] i.g.duckasteroid.cthugha.JCthugha - notify: visible
13:14:18.380 INFO  [Test worker] i.g.duckasteroid.cthugha.JCthugha - notify: first
13:14:18.380 INFO  [Test worker] i.g.duckasteroid.cthugha.JCthugha - notify: second
